[2026-05-10T21:33:18.658Z] GET / 500 9ms
[2026-05-10T21:40:55.820Z] GET / 200 16ms
[2026-05-10T21:40:56.792Z] GET /favicon.ico 404 5ms
[2026-05-10T21:40:58.283Z] GET /trails/zugspitze-summit 200 3ms
[2026-05-10T21:41:01.180Z] GET /trails/ben-nevis-path 200 1ms
[2026-05-10T21:41:06.339Z] GET /trails/zugspitze-summit 304 1ms
[2026-05-10T21:41:09.424Z] GET /regions/bavarian-alps 200 4ms
[2026-05-10T21:41:10.529Z] GET /trails/zugspitze-summit 304 2ms
[2026-05-10T21:41:13.710Z] GET /admin 200 3ms
[2026-05-11T07:25:43.539Z] GET / 304 15ms
[2026-05-11T07:34:27.221Z] GET /trails/ben-nevis-path 304 11ms
[2026-05-11T07:34:31.667Z] GET / 304 1ms
[2026-05-11T07:34:32.912Z] GET /trails/zugspitze-summit 304 3ms
[2026-05-11T07:34:34.372Z] GET /regions/bavarian-alps 304 3ms
[2026-05-11T07:34:35.672Z] GET /trails/zugspitze-summit 304 1ms
[2026-05-11T07:34:38.037Z] GET / 304 1ms
[2026-05-11T07:34:40.359Z] GET /trails/zugspitze-summit 304 5ms
[2026-05-11T14:33:28.311Z] GET / 200 67ms
[2026-05-11T14:33:28.576Z] GET /favicon.ico 404 1ms
[2026-05-11T14:33:47.549Z] GET /apple-touch-icon-precomposed.png 404 5ms
[2026-05-11T14:33:47.550Z] GET /favicon.ico 404 5ms
[2026-05-11T14:33:47.551Z] GET /apple-touch-icon.png 404 6ms
[2026-05-11T14:33:47.846Z] GET / 200 1ms
[2026-05-11T14:33:52.810Z] GET /?id=86f4a3ae-0c65-4ba7-8223-a4a41ce9c448&vscodeBrowserReqId=1778510032802 200 2ms
